2025-10-05 05:58:22,955 [INFO] xentrader_bot.gui.login_view: Iniciando autenticación con google...
2025-10-05 05:59:03,639 [INFO] xentrader_bot.gui.login_view: Modo cambiado a: Registro
2025-10-05 06:00:23,078 [ERROR] xentrader_bot.gui.login_view: Error de login con google: Tiempo de espera agotado. No se recibió respuesta del navegador.
2025-10-05 06:46:00,170 [INFO] xentrader_bot.gui.login_view: Iniciando autenticación con google...
2025-10-05 07:27:11,005 [INFO] xentrader_bot.gui.login_view: Modo cambiado a: Registro
2025-10-05 07:28:52,489 [INFO] xentrader_bot.gui.login_view: Iniciando autenticación con google...
2025-10-05 07:29:38,457 [INFO] xentrader_bot.gui.login_view: Iniciando autenticación con google...
2025-10-05 07:35:54,937 [INFO] xentrader_bot.gui.login_view: Iniciando autenticación con google...
2025-10-05 07:38:12,033 [INFO] xentrader_bot.gui.login_view: Iniciando autenticación con google...
2025-10-05 07:38:17,069 [ERROR] xentrader_bot.gui.login_view: Resultado inválido de sign_in_with_provider: None
2025-10-05 07:38:17,092 [ERROR] xentrader_bot.gui.login_view: Error de login con google: Error en la autenticación
2025-10-05 07:38:26,872 [INFO] xentrader_bot.gui.login_view: Iniciando autenticación con facebook...
2025-10-05 07:38:51,154 [ERROR] xentrader_bot.gui.login_view: Resultado inválido de sign_in_with_provider: None
2025-10-05 07:38:51,184 [ERROR] xentrader_bot.gui.login_view: Error de login con facebook: Error en la autenticación
2025-10-05 07:40:12,949 [INFO] xentrader_bot.gui.login_view: Iniciando autenticación con google...
2025-10-05 07:40:19,533 [INFO] xentrader_bot.gui.login_view: Login exitoso con google: Autenticación exitosa con google
2025-10-05 07:49:13,923 [INFO] xentrader_bot.gui.login_view: Iniciando autenticación con google...
2025-10-05 07:49:22,446 [INFO] xentrader_bot.gui.login_view: Login exitoso con google: Autenticación exitosa con google
2025-10-05 07:53:26,650 [INFO] xentrader_bot.gui.login_view: Iniciando autenticación con google...
2025-10-05 07:53:34,483 [INFO] xentrader_bot.gui.login_view: Login exitoso con google: Autenticación exitosa con google
2025-10-05 08:21:19,068 [INFO] xentrader_bot.gui.login_view: Iniciando autenticación con google...
2025-10-05 08:21:26,350 [INFO] xentrader_bot.gui.login_view: Login exitoso con google: Autenticación exitosa con google
2025-10-05 08:25:47,604 [INFO] xentrader_bot.gui.login_view: Iniciando autenticación con google...
2025-10-05 08:25:54,547 [INFO] xentrader_bot.gui.login_view: Login exitoso con google: Autenticación exitosa con google
2025-10-05 08:29:16,312 [INFO] xentrader_bot.gui.login_view: Iniciando autenticación con google...
2025-10-05 08:29:25,598 [INFO] xentrader_bot.gui.login_view: Login exitoso con google: Autenticación exitosa con google
2025-10-05 08:30:43,598 [INFO] xentrader_bot.gui.login_view: Iniciando autenticación con google...
